<?xml version="1.0" encoding="UTF-8"?>
<!-- Generated by org.testng.reporters.JUnitReportReporter -->
<testsuite hostname="DESKTOP-T6L47BI" failures="0" tests="3" name="functions.live.A_testClass_dailyCheckPointList" time="59.129" errors="0" timestamp="2024-06-17T15:14:31 IST" skipped="0">
  <testcase classname="functions.live.A_testClass_dailyCheckPointList" name="userDetails" time="5.545">
    <system-out>
      <![CDATA[ 
live department user # 6039-DE-andrew-deptu-2 # log in sucessfully
 ]]>
    </system-out>
  </testcase> <!-- userDetails -->
  <testcase classname="functions.live.A_testClass_dailyCheckPointList" name="createPermissionGroupDefaultStation" time="45.419">
    <system-out>
      <![CDATA[ 
The process of creating permission group for default station is started.
BG-Station defalult permission group-1706114329-1
BG-Station defalult permission group-1706114329-2
The process of creating permission group for default station is complete.
 ]]>
    </system-out>
  </testcase> <!-- createPermissionGroupDefaultStation -->
  <testcase classname="functions.live.A_testClass_dailyCheckPointList" name="detailsAboutScript" time="8.165">
    <system-out>
      <![CDATA[ 
Login  date-17.06.2024 & login  time -11:43
Logout date-17-06-2024 & logout time -11:44
 ]]>
    </system-out>
  </testcase> <!-- detailsAboutScript -->
  <system-out>
    <![CDATA[Hello, Daily check point checking process has started.-17.06.2024>11:43
 
 
live department user # 6039-DE-andrew-deptu-2 # log in sucessfully
 
 
The process of creating permission group for default station is started.
BG-Station defalult permission group-1706114329-1
BG-Station defalult permission group-1706114329-2
The process of creating permission group for default station is complete.
 
 
Login  date-17.06.2024 & login  time -11:43
Logout date-17-06-2024 & logout time -11:44
 
Logout sucessfully.
 
Browser close sucessfully.
 ]]>
  </system-out>
</testsuite> <!-- functions.live.A_testClass_dailyCheckPointList -->
